This is pdfeTeX, Version 3.141592-1.30.5-2.2 (Web2C 7.5.5) (format=latex 2007.8.23)  19 OCT 2007 16:38
entering extended mode
**_formulas.tex
(./_formulas.tex
LaTeX2e <2003/12/01>
Babel <v3.8g> and hyphenation patterns for english, usenglishmax, dumylang, noh
yphenation, loaded.
(/usr/share/texmf-texlive/tex/latex/base/article.cls
Document Class: article 2004/02/16 v1.4f Standard LaTeX document class
(/usr/share/texmf-texlive/tex/latex/base/size10.clo
File: size10.clo 2004/02/16 v1.4f Standard LaTeX file (size option)
)
\c@part=\count79
\c@section=\count80
\c@subsection=\count81
\c@subsubsection=\count82
\c@paragraph=\count83
\c@subparagraph=\count84
\c@figure=\count85
\c@table=\count86
\abovecaptionskip=\skip41
\belowcaptionskip=\skip42
\bibindent=\dimen102
)
(/usr/share/texmf-texlive/tex/latex/graphics/epsfig.sty
Package: epsfig 1999/02/16 v1.7a (e)psfig emulation (SPQR)

(/usr/share/texmf-texlive/tex/latex/graphics/graphicx.sty
Package: graphicx 1999/02/16 v1.0f Enhanced LaTeX Graphics (DPC,SPQR)

(/usr/share/texmf-texlive/tex/latex/graphics/keyval.sty
Package: keyval 1999/03/16 v1.13 key=value parser (DPC)
\KV@toks@=\toks14
)
(/usr/share/texmf-texlive/tex/latex/graphics/graphics.sty
Package: graphics 2001/07/07 v1.0n Standard LaTeX Graphics (DPC,SPQR)

(/usr/share/texmf-texlive/tex/latex/graphics/trig.sty
Package: trig 1999/03/16 v1.09 sin cos tan (DPC)
)
(/usr/share/texmf-texlive/tex/latex/config/graphics.cfg
File: graphics.cfg 2001/08/31 v1.1 graphics configuration of teTeX/TeXLive
)
Package graphics Info: Driver file: dvips.def on input line 80.

(/usr/share/texmf-texlive/tex/latex/graphics/dvips.def
File: dvips.def 1999/02/16 v3.0i Driver-dependant file (DPC,SPQR)
))
\Gin@req@height=\dimen103
\Gin@req@width=\dimen104
)
\epsfxsize=\dimen105
\epsfysize=\dimen106
)
(/usr/share/texmf-texlive/tex/latex/amslatex/amsmath.sty
Package: amsmath 2000/07/18 v2.13 AMS math features
\@mathmargin=\skip43

For additional information on amsmath, use the `?' option.
(/usr/share/texmf-texlive/tex/latex/amslatex/amstext.sty
Package: amstext 2000/06/29 v2.01

(/usr/share/texmf-texlive/tex/latex/amslatex/amsgen.sty
File: amsgen.sty 1999/11/30 v2.0
\@emptytoks=\toks15
\ex@=\dimen107
))
(/usr/share/texmf-texlive/tex/latex/amslatex/amsbsy.sty
Package: amsbsy 1999/11/29 v1.2d
\pmbraise@=\dimen108
)
(/usr/share/texmf-texlive/tex/latex/amslatex/amsopn.sty
Package: amsopn 1999/12/14 v2.01 operator names
)
\inf@bad=\count87
LaTeX Info: Redefining \frac on input line 211.
\uproot@=\count88
\leftroot@=\count89
LaTeX Info: Redefining \overline on input line 307.
\classnum@=\count90
\DOTSCASE@=\count91
LaTeX Info: Redefining \ldots on input line 379.
LaTeX Info: Redefining \dots on input line 382.
LaTeX Info: Redefining \cdots on input line 467.
\Mathstrutbox@=\box26
\strutbox@=\box27
\big@size=\dimen109
LaTeX Font Info:    Redeclaring font encoding OML on input line 567.
LaTeX Font Info:    Redeclaring font encoding OMS on input line 568.
\macc@depth=\count92
\c@MaxMatrixCols=\count93
\dotsspace@=\muskip10
\c@parentequation=\count94
\dspbrk@lvl=\count95
\tag@help=\toks16
\row@=\count96
\column@=\count97
\maxfields@=\count98
\andhelp@=\toks17
\eqnshift@=\dimen110
\alignsep@=\dimen111
\tagshift@=\dimen112
\tagwidth@=\dimen113
\totwidth@=\dimen114
\lineht@=\dimen115
\@envbody=\toks18
\multlinegap=\skip44
\multlinetaggap=\skip45
\mathdisplay@stack=\toks19
LaTeX Info: Redefining \[ on input line 2666.
LaTeX Info: Redefining \] on input line 2667.
)
No file _formulas.aux.
\openout1 = `_formulas.aux'.

LaTeX Font Info:    Checking defaults for OML/cmm/m/it on input line 5.
LaTeX Font Info:    ... okay on input line 5.
LaTeX Font Info:    Checking defaults for T1/cmr/m/n on input line 5.
LaTeX Font Info:    ... okay on input line 5.
LaTeX Font Info:    Checking defaults for OT1/cmr/m/n on input line 5.
LaTeX Font Info:    ... okay on input line 5.
LaTeX Font Info:    Checking defaults for OMS/cmsy/m/n on input line 5.
LaTeX Font Info:    ... okay on input line 5.
LaTeX Font Info:    Checking defaults for OMX/cmex/m/n on input line 5.
LaTeX Font Info:    ... okay on input line 5.
LaTeX Font Info:    Checking defaults for U/cmr/m/n on input line 5.
LaTeX Font Info:    ... okay on input line 5.
[1

] [2] [3] [4] [5] [6]
Overfull \hbox (16.56374pt too wide) detected at line 24
\OML/cmm/m/it/10 ![] \OT1/cmr/m/n/10 = \OML/cmm/m/it/10 ![] [] [] \OT1/cmr/m/n/
10 + \OML/cmm/m/it/10 ![] [] [] \OT1/cmr/m/n/10 + [] [][] []
 []

[7]
Overfull \hbox (32.11934pt too wide) detected at line 27
\OML/cmm/m/it/10 ![] \OT1/cmr/m/n/10 = \OMS/cmsy/m/n/10 ^^@\OML/cmm/m/it/10 ![]
 [] [] \OT1/cmr/m/n/10 + \OML/cmm/m/it/10 ![] [] [] \OT1/cmr/m/n/10 + [] [][] [
]
 []

[8] [9] [10] [11] [12] [13] [14] [15] [16] [17] [18] [19] [20] [21] [22]
[23] [24] [25] [26] [27]
! Undefined control sequence.
<recently read> \BC 
                    
l.87 $\BC
         , \rho$
? 
[28] [29] [30] [31] [32] [33] [34] [35] [36] [37] [38] [39] [40] [41] [42]
[43] [44] [45] [46] [47] [48] [49] [50] [51] [52] [53] [54] [55] [56] [57]
[58] [59] [60] [61] [62] [63] [64] [65] [66] [67] [68] [69] [70] [71] [72]
[73]
! Double superscript.
l.225 ...{32} = R^{31} - R^{21} = R^{32} * R^{21}^
                                                  {T}/f$ @param _rot2 Rotati...

? 
! Missing $ inserted.
<inserted text> 
                $
l.225 ... R^{21} = R^{32} * R^{21}^{T}/f$ @param _
                                                  rot2 Rotation to be differ...

? 
! Misplaced alignment tab character &.
l.225 ...tion Rotation::operator- (const Rotation&
                                                   _rot2) const { Rotation r...

? 
! Undefined control sequence.
l.225 ...// DirectionCosineMatrix Class /*! \brief
                                                   Create a DCM equal to the...

? 
! Undefined control sequence.
l.225 ...) { (*this) = eye(DCM_SIZE); } /*! \brief
                                                   Create a copy of a DCM fr...

? 
! Misplaced alignment tab character &.
l.225 ...CosineMatrix(const DirectionCosineMatrix&
                                                   _DCM):Matrix(DCM_SIZE, DC...

? 
! Undefined control sequence.
l.225 ...SIZE, DCM_SIZE) { Set(_DCM); } /*! \brief
                                                   Create a copy of a DCM fr...

? 
! Misplaced alignment tab character &.
l.225 ...trix::DirectionCosineMatrix(const Matrix&
                                                   _DCM):Matrix(DCM_SIZE, DC...

? 
! Undefined control sequence.
l.225 ...SIZE, DCM_SIZE) { Set(_DCM); } /*! \brief
                                                   Create a Direction Cosine...

? 
! Misplaced alignment tab character &.
l.225 ...trix::DirectionCosineMatrix(const Vector&
                                                   _EulerAngles, const int& ...

? 
! Misplaced alignment tab character &.
l.225 ...ix(const Vector& _EulerAngles, const int&
                                                   _Sequence):Matrix(DCM_SIZ...

? 
! Undefined control sequence.
l.225 ...et(_EulerAngles, _Sequence); } /*! \brief
                                                   Create a Direction Cosine...

? 
! Misplaced alignment tab character &.
l.225 ...atrix::DirectionCosineMatrix(const Angle&
                                                   _Angle1, const Angle& _An...

? 
! Misplaced alignment tab character &.
l.225 ...Matrix(const Angle& _Angle1, const Angle&
                                                   _Angle2, const Angle& _An...

? 
! Misplaced alignment tab character &.
l.225 ...ngle1, const Angle& _Angle2, const Angle&
                                                   _Angle3, const int& _Sequ...

? 
! Misplaced alignment tab character &.
l.225 ..._Angle2, const Angle& _Angle3, const int&
                                                   _Sequence):Matrix(DCM_SIZ...

? 
! Undefined control sequence.
l.225 ...Angle2, _Angle3, _Sequence); } /*! \brief
                                                   Create a Direction Cosine...

? 

Overfull \hbox (325.23386pt too wide) in paragraph at lines 225--227
[]$\OML/cmm/m/it/10 R[] \OT1/cmr/m/n/10 = \OML/cmm/m/it/10 R[] \OMS/cmsy/m/n/10
 ^^C \OML/cmm/m/it/10 R[] \OMS/cmsy/m/n/10 ) \OML/cmm/m/it/10 R[] \OT1/cmr/m/n/
10 = \OML/cmm/m/it/10 R[] \OMS/cmsy/m/n/10 ^^@ \OML/cmm/m/it/10 R[] \OT1/cmr/m/
n/10 = \OML/cmm/m/it/10 R[] \OMS/cmsy/m/n/10 ^^C \OML/cmm/m/it/10 R[][]=f$ \OT1
/cmr/m/n/10 @param $[]\OML/cmm/m/it/10 ot\OT1/cmr/m/n/10 2\OML/cmm/m/it/10 Rota
tiontobedifferencedwith:\OT1/cmr/m/n/10 @\OML/cmm/m/it/10 returnrotationofdiffe
rencebetweengivenrotations: \OMS/cmsy/m/n/10 ^^C
 []


Overfull \hbox (1242.36934pt too wide) in paragraph at lines 225--227
\OML/cmm/m/it/10 =RotationRotation \OT1/cmr/m/n/10 :: \OML/cmm/m/it/10 operator
 \OMS/cmsy/m/n/10 ^^@ \OT1/cmr/m/n/10 (\OML/cmm/m/it/10 constRotation[]ot\OT1/c
mr/m/n/10 2)\OML/cmm/m/it/10 const[]===========================================
=================================DirectionCosineMatrixClass=\OMS/cmsy/m/n/10 ^^
C\OT1/cmr/m/n/10 !\OML/cmm/m/it/10 CreateaDCMequaltotheidentitymatrix\OT1/cmr/m
/n/10 [1\OML/cmm/m/it/10 ; \OT1/cmr/m/n/10 0\OML/cmm/m/it/10 ; \OT1/cmr/m/n/10 
0; 0\OML/cmm/m/it/10 ; \OT1/cmr/m/n/10 1\OML/cmm/m/it/10 ; \OT1/cmr/m/n/10 0; 0
\OML/cmm/m/it/10 ; \OT1/cmr/m/n/10 0\OML/cmm/m/it/10 ; \OT1/cmr/m/n/10 1]\OML/c
mm/m/it/10 :\OT1/cmr/m/n/10 @\OML/cmm/m/it/10 return\OT1/cmr/m/n/10 3\OML/cmm/m
/it/10 x\OT1/cmr/m/n/10 3\OML/cmm/m/it/10 DirectionCosineMatrixequaltotheidenti
tymatrix: \OMS/cmsy/m/n/10 ^^C
 []


Overfull \hbox (630.85437pt too wide) in paragraph at lines 225--227
\OML/cmm/m/it/10 =DirectionCosineMatrix \OT1/cmr/m/n/10 :: \OML/cmm/m/it/10 Dir
ectionCosineMatrix\OT1/cmr/m/n/10 () : \OML/cmm/m/it/10 Matrix\OT1/cmr/m/n/10 (
\OML/cmm/m/it/10 DCM[]IZE; DCM[]IZE\OT1/cmr/m/n/10 )[]\OML/cmm/m/it/10 =\OMS/cm
sy/m/n/10 ^^C\OT1/cmr/m/n/10 !\OML/cmm/m/it/10 CreateacopyofaDCMfromanexistingD
CM:\OT1/cmr/m/n/10 @\OML/cmm/m/it/10 param[]CM\OT1/cmr/m/n/10 3\OML/cmm/m/it/10
 x\OT1/cmr/m/n/10 3\OML/cmm/m/it/10 DirectionCosineMatrixtobecopied: \OMS/cmsy/
m/n/10 ^^C
 []


Overfull \hbox (60.28941pt too wide) in paragraph at lines 225--227
\OML/cmm/m/it/10 =DirectionCosineMatrix \OT1/cmr/m/n/10 :: \OML/cmm/m/it/10 Dir
ectionCosineMatrix\OT1/cmr/m/n/10 (\OML/cmm/m/it/10 constDirectionCosineMatrix[
]CM\OT1/cmr/m/n/10 ) :
 []


Overfull \hbox (372.41066pt too wide) in paragraph at lines 225--227
\OML/cmm/m/it/10 Matrix\OT1/cmr/m/n/10 (\OML/cmm/m/it/10 DCM[]IZE; DCM[]IZE\OT1
/cmr/m/n/10 )[]\OML/cmm/m/it/10 =\OMS/cmsy/m/n/10 ^^C\OT1/cmr/m/n/10 !\OML/cmm/
m/it/10 CreateacopyofaDCMfromanexistingmatrixofDCMvalues:\OT1/cmr/m/n/10 @\OML/
cmm/m/it/10 param[]CM\OT1/cmr/m/n/10 3\OML/cmm/m/it/10 x\OT1/cmr/m/n/10 3\OML/c
mm/m/it/10 matrixofDCMvaluestobecopied: \OMS/cmsy/m/n/10 ^^C
 []


Overfull \hbox (1021.12349pt too wide) in paragraph at lines 225--227
\OML/cmm/m/it/10 =DirectionCosineMatrix \OT1/cmr/m/n/10 :: \OML/cmm/m/it/10 Dir
ectionCosineMatrix\OT1/cmr/m/n/10 (\OML/cmm/m/it/10 constMatrix[]CM\OT1/cmr/m/n
/10 ) : \OML/cmm/m/it/10 Matrix\OT1/cmr/m/n/10 (\OML/cmm/m/it/10 DCM[]IZE; DCM[
]IZE\OT1/cmr/m/n/10 )[]\OML/cmm/m/it/10 =\OMS/cmsy/m/n/10 ^^C\OT1/cmr/m/n/10 !\
OML/cmm/m/it/10 CreateaDirectionCosineMatrix\OT1/cmr/m/n/10 (\OML/cmm/m/it/10 D
CM\OT1/cmr/m/n/10 )\OML/cmm/m/it/10 fromEulerAngles:\OT1/cmr/m/n/10 @\OML/cmm/m
/it/10 param[]ulerAngles\OT1/cmr/m/n/10 3\OML/cmm/m/it/10 x\OT1/cmr/m/n/10 1\OM
L/cmm/m/it/10 matrixofEulerAngles:\OT1/cmr/m/n/10 [\OML/cmm/m/it/10 rad\OT1/cmr
/m/n/10 ]@\OML/cmm/m/it/10 param[]equenceEuleranglerotationsequence:\OT1/cmr/m/
n/10 (\OML/cmm/m/it/10 ie\OT1/cmr/m/n/10 123\OML/cmm/m/it/10 ; \OT1/cmr/m/n/10 
213\OML/cmm/m/it/10 ; \OT1/cmr/m/n/10 313\OML/cmm/m/it/10 ; \OT1/cmr/m/n/10 321
\OML/cmm/m/it/10 ; etc\OT1/cmr/m/n/10 )\OML/cmm/m/it/10 : \OMS/cmsy/m/n/10 ^^C
 []


Overfull \hbox (93.44987pt too wide) in paragraph at lines 225--227
\OML/cmm/m/it/10 =DirectionCosineMatrix \OT1/cmr/m/n/10 :: \OML/cmm/m/it/10 Dir
ectionCosineMatrix\OT1/cmr/m/n/10 (\OML/cmm/m/it/10 constVector[]ulerAngles; co
nstint[]equence\OT1/cmr/m/n/10 ) :
 []


Overfull \hbox (1185.1219pt too wide) in paragraph at lines 225--227
\OML/cmm/m/it/10 Matrix\OT1/cmr/m/n/10 (\OML/cmm/m/it/10 DCM[]IZE; DCM[]IZE\OT1
/cmr/m/n/10 )[]\OML/cmm/m/it/10 =\OMS/cmsy/m/n/10 ^^C\OT1/cmr/m/n/10 !\OML/cmm/
m/it/10 CreateaDirectionCosineMatrix\OT1/cmr/m/n/10 (\OML/cmm/m/it/10 DCM\OT1/c
mr/m/n/10 )\OML/cmm/m/it/10 fromEulerAngles:\OT1/cmr/m/n/10 @\OML/cmm/m/it/10 p
aram[]ngle\OT1/cmr/m/n/10 1\OML/cmm/m/it/10 firstanglesinEulerangleset:\OT1/cmr
/m/n/10 [\OML/cmm/m/it/10 rad\OT1/cmr/m/n/10 ]@\OML/cmm/m/it/10 param[]ngle\OT1
/cmr/m/n/10 2\OML/cmm/m/it/10 secondanglesinEulerangleset:\OT1/cmr/m/n/10 [\OML
/cmm/m/it/10 rad\OT1/cmr/m/n/10 ]@\OML/cmm/m/it/10 param[]ngle\OT1/cmr/m/n/10 3
\OML/cmm/m/it/10 thirdanglesinEulerangleset:\OT1/cmr/m/n/10 [\OML/cmm/m/it/10 r
ad\OT1/cmr/m/n/10 ]@\OML/cmm/m/it/10 param[]equenceEuleranglerotationsequence:\
OT1/cmr/m/n/10 (\OML/cmm/m/it/10 ie\OT1/cmr/m/n/10 123\OML/cmm/m/it/10 ; \OT1/c
mr/m/n/10 213\OML/cmm/m/it/10 ; \OT1/cmr/m/n/10 313\OML/cmm/m/it/10 ; \OT1/cmr/
m/n/10 321\OML/cmm/m/it/10 ; etc\OT1/cmr/m/n/10 )\OML/cmm/m/it/10 : \OMS/cmsy/m
/n/10 ^^C
 []


Overfull \hbox (233.86713pt too wide) in paragraph at lines 225--227
\OML/cmm/m/it/10 =DirectionCosineMatrix \OT1/cmr/m/n/10 :: \OML/cmm/m/it/10 Dir
ectionCosineMatrix\OT1/cmr/m/n/10 (\OML/cmm/m/it/10 constAngle[]ngle\OT1/cmr/m/
n/10 1\OML/cmm/m/it/10 ; constAngle[]ngle\OT1/cmr/m/n/10 2\OML/cmm/m/it/10 ; co
nstAngle[]ngle\OT1/cmr/m/n/10 3\OML/cmm/m/it/10 ; constint[]equence\OT1/cmr/m/n
/10 ) :
 []


Overfull \hbox (486.88043pt too wide) in paragraph at lines 225--227
\OML/cmm/m/it/10 Matrix\OT1/cmr/m/n/10 (\OML/cmm/m/it/10 DCM[]IZE; DCM[]IZE\OT1
/cmr/m/n/10 )[]\OML/cmm/m/it/10 =\OMS/cmsy/m/n/10 ^^C\OT1/cmr/m/n/10 !\OML/cmm/
m/it/10 CreateaDirectionCosineMatrix\OT1/cmr/m/n/10 (\OML/cmm/m/it/10 DCM\OT1/c
mr/m/n/10 )\OML/cmm/m/it/10 fromanEulerAxisandrotation:\OT1/cmr/m/n/10 @\OML/cm
m/m/it/10 param[]ulerAxis\OT1/cmr/m/n/10 3\OML/cmm/m/it/10 x\OT1/cmr/m/n/10 1\O
ML/cmm/m/it/10 EulerAxisvector\OT1/cmr/m/n/10 ($
 []

[74] [75] [76] [77] [78] [79]
Overfull \hbox (276.04524pt too wide) detected at line 243
[] \OT1/cmr/m/n/10 = [] []
 []

[80] [81] [82] [83] [84] [85] [86] [87] [88] [89] [90] [91] [92] [93] [94]
[95] [96] [97] [98] [99] [100] [101] [102] [103] [104] [105] [106]
! Undefined control sequence.
l.324 ${\bf{\bar q}}^T {\bf{\bar q}}=1$\f
                                         . */ void Quaternion::Normalize() {...

? 
! Undefined control sequence.
l.324 ... void Quaternion::Normalize() { /*! \todo
                                                   Add Normalize() to Vector...

? 
! Undefined control sequence.
l.324 ...*/ normalize(*this); return; } /*! \brief
                                                   Determine the successive ...

? 
! Missing $ inserted.
<inserted text> 
                $
l.324 ...he summation of two quaternions. @param _
                                                  quat2 Quaternion to be sum...

? 
! Missing $ inserted.
<inserted text> 
                $
l.324 ..._quat2 Quaternion to be summed with. \par
                                                   Equation: successive rota...

? 
! Missing $ inserted.
<inserted text> 
                $
l.326 
      
? 
[107] [108] [109] [110] [111] [112] [113] [114] [115] [116] [117] [118]
[119] [120] [121] [122] [123] [124] [125] [126] [127] [128] [129] [130]
[131] [132] [133] [134] [135] [136] [137] [138] [139] [140] [141] [142]
[143] [144] [145] [146] [147] [148] [149] [150] [151] [152] [153] [154]
[155] [156] [157] [158] [159] [160] [161] [162] [163] [164] [165] [166]
(./_formulas.aux) ) 
Here is how much of TeX's memory you used:
 1138 strings out of 95213
 13109 string characters out of 1185476
 68623 words of memory out of 1000000
 4315 multiletter control sequences out of 10000+50000
 5021 words of font info for 19 fonts, out of 500000 for 2000
 28 hyphenation exceptions out of 8191
 32i,11n,30p,2156b,167s stack positions out of 1500i,500n,5000p,200000b,5000s

Output written on _formulas.dvi (166 pages, 34256 bytes).
